This file contains any messages produced by compilers while
running configure, to aid debugging if configure makes a mistake.

It was created by pango configure 1.42.4, which was
generated by GNU Autoconf 2.69.  Invocation command line was

  $ ./configure --prefix=/usr

## --------- ##
## Platform. ##
## --------- ##

hostname = kubuntu
uname -m = x86_64
uname -r = 5.4.0-39-generic
uname -s = Linux
uname -v = #43-Ubuntu SMP Fri Jun 19 10:28:31 UTC 2020

/usr/bin/uname -p = x86_64
/bin/uname -X     = unknown

/bin/arch              = x86_64
/usr/bin/arch -k       = unknown
/usr/convex/getsysinfo = unknown
/usr/bin/hostinfo      = unknown
/bin/machine           = unknown
/usr/bin/oslevel       = unknown
/bin/universe          = unknown

PATH: /usr/local/sbin
PATH: /usr/local/bin
PATH: /usr/sbin
PATH: /usr/bin
PATH: /sbin
PATH: /bin
PATH: /usr/games
PATH: /usr/local/games
PATH: /snap/bin


## ----------- ##
## Core tests. ##
## ----------- ##

configure:2597: checking for a BSD-compatible install
configure:2665: result: /usr/bin/install -c
configure:2676: checking whether build environment is sane
configure:2731: result: yes
configure:2880: checking for a thread-safe mkdir -p
configure:2919: result: /usr/bin/mkdir -p
configure:2926: checking for gawk
configure:2942: found /usr/bin/gawk
configure:2953: result: gawk
configure:2964: checking whether make sets $(MAKE)
configure:2986: result: yes
configure:3015: checking whether make supports nested variables
configure:3032: result: yes
configure:3169: checking whether make supports nested variables
configure:3186: result: yes
configure:3246: checking build system type
configure:3260: result: x86_64-pc-linux-gnu
configure:3280: checking host system type
configure:3293: result: x86_64-pc-linux-gnu
configure:3314: checking for native Win32
configure:3332: result: no
configure:3394: checking for gcc
configure:3410: found /usr/bin/gcc
configure:3421: result: gcc
configure:3650: checking for C compiler version
configure:3659: gcc --version >&5
gcc (Ubuntu 9.3.0-10ubuntu2) 9.3.0
Copyright (C) 2019 Free Software Foundation, Inc.
This is free software; see the source for copying conditions.  There is NO
warranty; not even for MERCHANTABILITY or FITNESS FOR A PARTICULAR PURPOSE.

configure:3670: $? = 0
configure:3659: gcc -v >&5
Using built-in specs.
COLLECT_GCC=gcc
COLLECT_LTO_WRAPPER=/usr/lib/gcc/x86_64-linux-gnu/9/lto-wrapper
OFFLOAD_TARGET_NAMES=nvptx-none:hsa
OFFLOAD_TARGET_DEFAULT=1
Target: x86_64-linux-gnu
Configured with: ../src/configure -v --with-pkgversion='Ubuntu 9.3.0-10ubuntu2' --with-bugurl=file:///usr/share/doc/gcc-9/README.Bugs --enable-languages=c,ada,c++,go,brig,d,fortran,objc,obj-c++,gm2 --prefix=/usr --with-gcc-major-version-only --program-suffix=-9 --program-prefix=x86_64-linux-gnu- --enable-shared --enable-linker-build-id --libexecdir=/usr/lib --without-included-gettext --enable-threads=posix --libdir=/usr/lib --enable-nls --enable-clocale=gnu --enable-libstdcxx-debug --enable-libstdcxx-time=yes --with-default-libstdcxx-abi=new --enable-gnu-unique-object --disable-vtable-verify --enable-plugin --enable-default-pie --with-system-zlib --with-target-system-zlib=auto --enable-objc-gc=auto --enable-multiarch --disable-werror --with-arch-32=i686 --with-abi=m64 --with-multilib-list=m32,m64,mx32 --enable-multilib --with-tune=generic --enable-offload-targets=nvptx-none,hsa --without-cuda-driver --enable-checking=release --build=x86_64-linux-gnu --host=x86_64-linux-gnu --target=x86_64-linux-gnu
Thread model: posix
gcc version 9.3.0 (Ubuntu 9.3.0-10ubuntu2) 
configure:3670: $? = 0
configure:3659: gcc -V >&5
gcc: error: unrecognized command line option '-V'
gcc: fatal error: no input files
compilation terminated.
configure:3670: $? = 1
configure:3659: gcc -qversion >&5
gcc: error: unrecognized command line option '-qversion'; did you mean '--version'?
gcc: fatal error: no input files
compilation terminated.
configure:3670: $? = 1
configure:3690: checking whether the C compiler works
configure:3712: gcc    conftest.c  >&5
configure:3716: $? = 0
configure:3764: result: yes
configure:3767: checking for C compiler default output file name
configure:3769: result: a.out
configure:3775: checking for suffix of executables
configure:3782: gcc -o conftest    conftest.c  >&5
configure:3786: $? = 0
configure:3808: result: 
configure:3830: checking whether we are cross compiling
configure:3838: gcc -o conftest    conftest.c  >&5
configure:3842: $? = 0
configure:3849: ./conftest
configure:3853: $? = 0
configure:3841: result: no
configure:3846: checking for suffix of object files
configure:3868: gcc -c   conftest.c >&5
configure:3872: $? = 0
configure:3893: result: o
configure:3897: checking whether we are using the GNU C compiler
configure:3916: gcc -c   conftest.c >&5
configure:3916: $? = 0
configure:3925: result: yes
configure:3934: checking whether gcc accepts -g
configure:3954: gcc -c -g  conftest.c >&5
configure:3954: $? = 0
configure:3995: result: yes
configure:4012: checking for gcc option to accept ISO C89
configure:4075: gcc  -c -g -O2  conftest.c >&5
configure:4075: $? = 0
configure:4088: result: none needed
configure:4113: checking whether gcc understands -c and -o together
configure:4135: gcc -c conftest.c -o conftest2.o
configure:4138: $? = 0
configure:4135: gcc -c conftest.c -o conftest2.o
configure:4138: $? = 0
configure:4150: result: yes
configure:4178: checking for style of include used by make
configure:4206: result: GNU
configure:4232: checking dependency style of gcc
configure:4343: result: gcc3
configure:4408: checking for c++
configure:4424: found /usr/bin/c++
configure:4435: result: c++
configure:4578: checking for C++ compiler version
configure:4587: c++ --version >&5
c++ (Ubuntu 9.3.0-10ubuntu2) 9.3.0
Copyright (C) 2019 Free Software Foundation, Inc.
This is free software; see the source for copying conditions.  There is NO
warranty; not even for MERCHANTABILITY or FITNESS FOR A PARTICULAR PURPOSE.

configure:4598: $? = 0
configure:4587: c++ -v >&5
Using built-in specs.
COLLECT_GCC=c++
COLLECT_LTO_WRAPPER=/usr/lib/gcc/x86_64-linux-gnu/9/lto-wrapper
OFFLOAD_TARGET_NAMES=nvptx-none:hsa
OFFLOAD_TARGET_DEFAULT=1
Target: x86_64-linux-gnu
Configured with: ../src/configure -v --with-pkgversion='Ubuntu 9.3.0-10ubuntu2' --with-bugurl=file:///usr/share/doc/gcc-9/README.Bugs --enable-languages=c,ada,c++,go,brig,d,fortran,objc,obj-c++,gm2 --prefix=/usr --with-gcc-major-version-only --program-suffix=-9 --program-prefix=x86_64-linux-gnu- --enable-shared --enable-linker-build-id --libexecdir=/usr/lib --without-included-gettext --enable-threads=posix --libdir=/usr/lib --enable-nls --enable-clocale=gnu --enable-libstdcxx-debug --enable-libstdcxx-time=yes --with-default-libstdcxx-abi=new --enable-gnu-unique-object --disable-vtable-verify --enable-plugin --enable-default-pie --with-system-zlib --with-target-system-zlib=auto --enable-objc-gc=auto --enable-multiarch --disable-werror --with-arch-32=i686 --with-abi=m64 --with-multilib-list=m32,m64,mx32 --enable-multilib --with-tune=generic --enable-offload-targets=nvptx-none,hsa --without-cuda-driver --enable-checking=release --build=x86_64-linux-gnu --host=x86_64-linux-gnu --target=x86_64-linux-gnu
Thread model: posix
gcc version 9.3.0 (Ubuntu 9.3.0-10ubuntu2) 
configure:4598: $? = 0
configure:4587: c++ -V >&5
c++: error: unrecognized command line option '-V'
c++: fatal error: no input files
compilation terminated.
configure:4598: $? = 1
configure:4587: c++ -qversion >&5
c++: error: unrecognized command line option '-qversion'; did you mean '--version'?
c++: fatal error: no input files
compilation terminated.
configure:4598: $? = 1
configure:4602: checking whether we are using the GNU C++ compiler
configure:4621: c++ -c   conftest.cpp >&5
configure:4621: $? = 0
configure:4630: result: yes
configure:4639: checking whether c++ accepts -g
configure:4659: c++ -c -g  conftest.cpp >&5
configure:4659: $? = 0
configure:4700: result: yes
configure:4725: checking dependency style of c++
configure:4836: result: gcc3
configure:4863: c++ -c -g -O2  conftest.cpp >&5
configure:4863: $? = 0
configure:4891: checking for sysconf
configure:4891: gcc -o conftest -g -O2   conftest.c  >&5
configure:4891: $? = 0
configure:4891: result: yes
configure:4891: checking for getpagesize
configure:4891: gcc -o conftest -g -O2   conftest.c  >&5
configure:4891: $? = 0
configure:4891: result: yes
configure:4905: checking how to run the C preprocessor
configure:4936: gcc -E  conftest.c
configure:4936: $? = 0
configure:4950: gcc -E  conftest.c
conftest.c:18:10: fatal error: ac_nonexistent.h: No such file or directory
   18 | #include <ac_nonexistent.h>
      |          ^~~~~~~~~~~~~~~~~~
compilation terminated.
configure:4950: $? = 1
configure: failed program was:
| /* confdefs.h */
| #define PACKAGE_NAME "pango"
| #define PACKAGE_TARNAME "pango"
| #define PACKAGE_VERSION "1.42.4"
| #define PACKAGE_STRING "pango 1.42.4"
| #define PACKAGE_BUGREPORT "http://bugzilla.gnome.org/enter_bug.cgi?product=pango"
| #define PACKAGE_URL ""
| #define PACKAGE "pango"
| #define VERSION "1.42.4"
| #define PANGO_BINARY_AGE 4204
| #define PANGO_INTERFACE_AGE 4
| #define PANGO_VERSION_MAJOR 1
| #define PANGO_VERSION_MINOR 42
| #define PANGO_VERSION_MICRO 4
| #define HAVE_SYSCONF 1
| #define HAVE_GETPAGESIZE 1
| /* end confdefs.h.  */
| #include <ac_nonexistent.h>
configure:4975: result: gcc -E
configure:4995: gcc -E  conftest.c
configure:4995: $? = 0
configure:5009: gcc -E  conftest.c
conftest.c:18:10: fatal error: ac_nonexistent.h: No such file or directory
   18 | #include <ac_nonexistent.h>
      |          ^~~~~~~~~~~~~~~~~~
compilation terminated.
configure:5009: $? = 1
configure: failed program was:
| /* confdefs.h */
| #define PACKAGE_NAME "pango"
| #define PACKAGE_TARNAME "pango"
| #define PACKAGE_VERSION "1.42.4"
| #define PACKAGE_STRING "pango 1.42.4"
| #define PACKAGE_BUGREPORT "http://bugzilla.gnome.org/enter_bug.cgi?product=pango"
| #define PACKAGE_URL ""
| #define PACKAGE "pango"
| #define VERSION "1.42.4"
| #define PANGO_BINARY_AGE 4204
| #define PANGO_INTERFACE_AGE 4
| #define PANGO_VERSION_MAJOR 1
| #define PANGO_VERSION_MINOR 42
| #define PANGO_VERSION_MICRO 4
| #define HAVE_SYSCONF 1
| #define HAVE_GETPAGESIZE 1
| /* end confdefs.h.  */
| #include <ac_nonexistent.h>
configure:5038: checking for grep that handles long lines and -e
configure:5096: result: /usr/bin/grep
configure:5101: checking for egrep
configure:5163: result: /usr/bin/grep -E
configure:5168: checking for ANSI C header files
configure:5188: gcc -c -g -O2  conftest.c >&5
configure:5188: $? = 0
configure:5261: gcc -o conftest -g -O2   conftest.c  >&5
configure:5261: $? = 0
configure:5261: ./conftest
configure:5261: $? = 0
configure:5272: result: yes
configure:5285: checking for sys/types.h
configure:5285: gcc -c -g -O2  conftest.c >&5
configure:5285: $? = 0
configure:5285: result: yes
configure:5285: checking for sys/stat.h
configure:5285: gcc -c -g -O2  conftest.c >&5
configure:5285: $? = 0
configure:5285: result: yes
configure:5285: checking for stdlib.h
configure:5285: gcc -c -g -O2  conftest.c >&5
configure:5285: $? = 0
configure:5285: result: yes
configure:5285: checking for string.h
configure:5285: gcc -c -g -O2  conftest.c >&5
configure:5285: $? = 0
configure:5285: result: yes
configure:5285: checking for memory.h
configure:5285: gcc -c -g -O2  conftest.c >&5
configure:5285: $? = 0
configure:5285: result: yes
configure:5285: checking for strings.h
configure:5285: gcc -c -g -O2  conftest.c >&5
configure:5285: $? = 0
configure:5285: result: yes
configure:5285: checking for inttypes.h
configure:5285: gcc -c -g -O2  conftest.c >&5
configure:5285: $? = 0
configure:5285: result: yes
configure:5285: checking for stdint.h
configure:5285: gcc -c -g -O2  conftest.c >&5
configure:5285: $? = 0
configure:5285: result: yes
configure:5285: checking for unistd.h
configure:5285: gcc -c -g -O2  conftest.c >&5
configure:5285: $? = 0
configure:5285: result: yes
configure:5300: checking for unistd.h
configure:5300: result: yes
configure:5300: checking sys/mman.h usability
configure:5300: gcc -c -g -O2  conftest.c >&5
configure:5300: $? = 0
configure:5300: result: yes
configure:5300: checking sys/mman.h presence
configure:5300: gcc -E  conftest.c
configure:5300: $? = 0
configure:5300: result: yes
configure:5300: checking for sys/mman.h
configure:5300: result: yes
configure:5697: checking how to print strings
configure:5724: result: printf
configure:5745: checking for a sed that does not truncate output
configure:5809: result: /usr/bin/sed
configure:5827: checking for fgrep
configure:5889: result: /usr/bin/grep -F
configure:5924: checking for ld used by gcc
configure:5991: result: /usr/bin/ld
configure:5998: checking if the linker (/usr/bin/ld) is GNU ld
configure:6013: result: yes
configure:6025: checking for BSD- or MS-compatible name lister (nm)
configure:6079: result: /usr/bin/nm -B
configure:6209: checking the name lister (/usr/bin/nm -B) interface
configure:6216: gcc -c -g -O2  conftest.c >&5
configure:6219: /usr/bin/nm -B "conftest.o"
configure:6222: output
0000000000000000 B some_variable
configure:6223: result: BSD nm
configure:6226: checking whether ln -s works
configure:6230: result: yes
configure:6238: checking the maximum length of command line arguments
configure:6369: result: 1572864
configure:6417: checking how to convert x86_64-pc-linux-gnu file names to x86_64-pc-linux-gnu format
configure:6457: result: func_convert_file_noop
configure:6464: checking how to convert x86_64-pc-linux-gnu file names to toolchain format
configure:6484: result: func_convert_file_noop
configure:6491: checking for /usr/bin/ld option to reload object files
configure:6498: result: -r
configure:6572: checking for objdump
configure:6599: result: objdump
configure:6628: checking how to recognize dependent libraries
configure:6828: result: pass_all
configure:6913: checking for dlltool
configure:6940: result: dlltool
configure:6970: checking how to associate runtime and link libraries
configure:6997: result: printf %s\n
configure:7057: checking for ar
configure:7073: found /usr/bin/ar
configure:7084: result: ar
configure:7121: checking for archiver @FILE support
configure:7138: gcc -c -g -O2  conftest.c >&5
configure:7138: $? = 0
configure:7141: ar cru libconftest.a @conftest.lst >&5
ar: `u' modifier ignored since `D' is the default (see `U')
configure:7144: $? = 0
configure:7149: ar cru libconftest.a @conftest.lst >&5
ar: `u' modifier ignored since `D' is the default (see `U')
ar: conftest.o: No such file or directory
configure:7152: $? = 1
configure:7151: result: @
configure:7209: checking for strip
configure:7225: found /usr/bin/strip
configure:7236: result: strip
configure:7308: checking for ranlib
configure:7324: found /usr/bin/ranlib
configure:7335: result: ranlib
configure:7437: checking command to parse /usr/bin/nm -B output from gcc object
configure:7590: gcc -c -g -O2  conftest.c >&5
configure:7593: $? = 0
configure:7597: /usr/bin/nm -B conftest.o \| sed -n -e 's/^.*[ ]\([ABCDGIRSTW][ABCDGIRSTW]*\)[ ][ ]*\([_A-Za-z][_A-Za-z0-9]*\)$/\1 \2 \2/p' | sed '/ __gnu_lto/d' \> conftest.nm
configure:7600: $? = 0
configure:7666: gcc -o conftest -g -O2   conftest.c conftstm.o >&5
configure:7669: $? = 0
configure:7707: result: ok
configure:7754: checking for sysroot
configure:7784: result: no
configure:7791: checking for a working dd
configure:7829: result: /usr/bin/dd
configure:7833: checking how to truncate binary pipes
configure:7848: result: /usr/bin/dd bs=4096 count=1
configure:7984: gcc -c -g -O2  conftest.c >&5
configure:7987: $? = 0
configure:8177: checking for mt
configure:8193: found /usr/bin/mt
configure:8204: result: mt
configure:8227: checking if mt is a manifest tool
configure:8233: mt '-?'
configure:8241: result: no
configure:8915: checking for dlfcn.h
configure:8915: gcc -c -g -O2  conftest.c >&5
configure:8915: $? = 0
configure:8915: result: yes
configure:9149: checking for objdir
configure:9164: result: .libs
configure:9424: checking if gcc supports -fno-rtti -fno-exceptions
configure:9442: gcc -c -g -O2  -fno-rtti -fno-exceptions conftest.c >&5
cc1: warning: command line option '-fno-rtti' is valid for C++/D/ObjC++ but not for C
configure:9446: $? = 0
configure:9459: result: no
configure:9817: checking for gcc option to produce PIC
configure:9824: result: -fPIC -DPIC
configure:9832: checking if gcc PIC flag -fPIC -DPIC works
configure:9850: gcc -c -g -O2  -fPIC -DPIC -DPIC conftest.c >&5
configure:9854: $? = 0
configure:9867: result: yes
configure:9896: checking if gcc static flag -static works
configure:9924: result: yes
configure:9939: checking if gcc supports -c -o file.o
configure:9960: gcc -c -g -O2  -o out/conftest2.o conftest.c >&5
configure:9964: $? = 0
configure:9986: result: yes
configure:9994: checking if gcc supports -c -o file.o
configure:10041: result: yes
configure:10074: checking whether the gcc linker (/usr/bin/ld -m elf_x86_64) supports shared libraries
configure:11333: result: yes
configure:11370: checking whether -lc should be explicitly linked in
configure:11378: gcc -c -g -O2  conftest.c >&5
configure:11381: $? = 0
configure:11396: gcc -shared  -fPIC -DPIC conftest.o  -v -Wl,-soname -Wl,conftest -o conftest 2\>\&1 \| /usr/bin/grep  -lc  \>/dev/null 2\>\&1
configure:11399: $? = 0
configure:11413: result: no
configure:11573: checking dynamic linker characteristics
configure:12154: gcc -o conftest -g -O2   -Wl,-rpath -Wl,/foo conftest.c  >&5
configure:12154: $? = 0
configure:12394: result: GNU/Linux ld.so
configure:12516: checking how to hardcode library paths into programs
configure:12541: result: immediate
configure:13089: checking whether stripping libraries is possible
configure:13094: result: yes
configure:13129: checking if libtool supports shared libraries
configure:13131: result: yes
configure:13134: checking whether to build shared libraries
configure:13159: result: yes
configure:13162: checking whether to build static libraries
configure:13166: result: no
configure:9978: checking how to run the C++ preprocessor
configure:10005: c++ -E  conftest.cpp
configure:10005: $? = 0
configure:10019: c++ -E  conftest.cpp
conftest.cpp:32:10: fatal error: ac_nonexistent.h: No such file or directory
   32 | #include <ac_nonexistent.h>
      |          ^~~~~~~~~~~~~~~~~~
compilation terminated.
configure:10019: $? = 1
configure: failed program was:
| /* confdefs.h */
| #define PACKAGE_NAME "pango"
| #define PACKAGE_TARNAME "pango"
| #define PACKAGE_VERSION "1.42.4"
| #define PACKAGE_STRING "pango 1.42.4"
| #define PACKAGE_BUGREPORT "http://bugzilla.gnome.org/enter_bug.cgi?product=pango"
| #define PACKAGE_URL ""
| #define PACKAGE "pango"
| #define VERSION "1.42.4"
| #define PANGO_BINARY_AGE 4204
| #define PANGO_INTERFACE_AGE 4
| #define PANGO_VERSION_MAJOR 1
| #define PANGO_VERSION_MINOR 42
| #define PANGO_VERSION_MICRO 4
| #define HAVE_SYSCONF 1
| #define HAVE_GETPAGESIZE 1
| #define STDC_HEADERS 1
| #define HAVE_SYS_TYPES_H 1
| #define HAVE_SYS_STAT_H 1
| #define HAVE_STDLIB_H 1
| #define HAVE_STRING_H 1
| #define HAVE_MEMORY_H 1
| #define HAVE_STRINGS_H 1
| #define HAVE_INTTYPES_H 1
| #define HAVE_STDINT_H 1
| #define HAVE_UNISTD_H 1
| #define HAVE_UNISTD_H 1
| #define HAVE_SYS_MMAN_H 1
| #define HAVE_DLFCN_H 1
| #define LT_OBJDIR ".libs/"
| /* end confdefs.h.  */
| #include <ac_nonexistent.h>
configure:10044: result: c++ -E
configure:10064: c++ -E  conftest.cpp
configure:10064: $? = 0
configure:10078: c++ -E  conftest.cpp
conftest.cpp:32:10: fatal error: ac_nonexistent.h: No such file or directory
   32 | #include <ac_nonexistent.h>
      |          ^~~~~~~~~~~~~~~~~~
compilation terminated.
configure:10078: $? = 1
configure: failed program was:
| /* confdefs.h */
| #define PACKAGE_NAME "pango"
| #define PACKAGE_TARNAME "pango"
| #define PACKAGE_VERSION "1.42.4"
| #define PACKAGE_STRING "pango 1.42.4"
| #define PACKAGE_BUGREPORT "http://bugzilla.gnome.org/enter_bug.cgi?product=pango"
| #define PACKAGE_URL ""
| #define PACKAGE "pango"
| #define VERSION "1.42.4"
| #define PANGO_BINARY_AGE 4204
| #define PANGO_INTERFACE_AGE 4
| #define PANGO_VERSION_MAJOR 1
| #define PANGO_VERSION_MINOR 42
| #define PANGO_VERSION_MICRO 4
| #define HAVE_SYSCONF 1
| #define HAVE_GETPAGESIZE 1
| #define STDC_HEADERS 1
| #define HAVE_SYS_TYPES_H 1
| #define HAVE_SYS_STAT_H 1
| #define HAVE_STDLIB_H 1
| #define HAVE_STRING_H 1
| #define HAVE_MEMORY_H 1
| #define HAVE_STRINGS_H 1
| #define HAVE_INTTYPES_H 1
| #define HAVE_STDINT_H 1
| #define HAVE_UNISTD_H 1
| #define HAVE_UNISTD_H 1
| #define HAVE_SYS_MMAN_H 1
| #define HAVE_DLFCN_H 1
| #define LT_OBJDIR ".libs/"
| /* end confdefs.h.  */
| #include <ac_nonexistent.h>
configure:10240: checking for ld used by c++
configure:10307: result: /usr/bin/ld -m elf_x86_64
configure:10314: checking if the linker (/usr/bin/ld -m elf_x86_64) is GNU ld
configure:10329: result: yes
configure:10384: checking whether the c++ linker (/usr/bin/ld -m elf_x86_64) supports shared libraries
configure:11457: result: yes
configure:11493: c++ -c -g -O2  conftest.cpp >&5
configure:11496: $? = 0
configure:11977: checking for c++ option to produce PIC
configure:11984: result: -fPIC -DPIC
configure:11992: checking if c++ PIC flag -fPIC -DPIC works
configure:12010: c++ -c -g -O2  -fPIC -DPIC -DPIC conftest.cpp >&5
configure:12014: $? = 0
configure:12027: result: yes
configure:12050: checking if c++ static flag -static works
configure:12078: result: yes
configure:12090: checking if c++ supports -c -o file.o
configure:12111: c++ -c -g -O2  -o out/conftest2.o conftest.cpp >&5
configure:12115: $? = 0
configure:12137: result: yes
configure:12142: checking if c++ supports -c -o file.o
configure:12189: result: yes
configure:12219: checking whether the c++ linker (/usr/bin/ld -m elf_x86_64) supports shared libraries
configure:12259: result: yes
configure:12400: checking dynamic linker characteristics
configure:13148: result: GNU/Linux ld.so
configure:13213: checking how to hardcode library paths into programs
configure:13238: result: immediate
configure:12143: creating ./config.lt

## ------------------ ##
## Running config.lt. ##
## ------------------ ##
config.lt:680: creating libtool
configure:13700: checking for some Win32 platform
configure:13710: result: no
configure:13971: checking for pkg-config
configure:13989: found /usr/bin/pkg-config
configure:14001: result: /usr/bin/pkg-config
configure:14026: checking pkg-config is at least version 0.9.0
configure:14029: result: yes
configure:14039: checking for HARFBUZZ
configure:14046: $PKG_CONFIG --exists --print-errors "harfbuzz >= 1.4.2"
configure:14049: $? = 0
configure:14063: $PKG_CONFIG --exists --print-errors "harfbuzz >= 1.4.2"
configure:14066: $? = 0
configure:14104: result: yes
configure:14124: checking for FONTCONFIG
configure:14131: $PKG_CONFIG --exists --print-errors "fontconfig >= 2.11.91"
configure:14134: $? = 0
configure:14148: $PKG_CONFIG --exists --print-errors "fontconfig >= 2.11.91"
configure:14151: $? = 0
configure:14189: result: yes
configure:14199: checking for FcWeightFromOpenTypeDouble
configure:14199: gcc -o conftest -g -O2 -Wall   conftest.c  -lfontconfig -lfreetype >&5
configure:14199: $? = 0
configure:14199: result: yes
configure:14220: checking for FREETYPE
configure:14227: $PKG_CONFIG --exists --print-errors "freetype2"
configure:14230: $? = 0
configure:14244: $PKG_CONFIG --exists --print-errors "freetype2"
configure:14247: $? = 0
configure:14285: result: yes
configure:14319: checking for XFT
configure:14326: $PKG_CONFIG --exists --print-errors "xft >= 2.0.0 xrender"
Package xft was not found in the pkg-config search path.
Perhaps you should add the directory containing `xft.pc'
to the PKG_CONFIG_PATH environment variable
No package 'xft' found
configure:14329: $? = 1
configure:14343: $PKG_CONFIG --exists --print-errors "xft >= 2.0.0 xrender"
Package xft was not found in the pkg-config search path.
Perhaps you should add the directory containing `xft.pc'
to the PKG_CONFIG_PATH environment variable
No package 'xft' found
configure:14346: $? = 1
configure:14360: result: no
No package 'xft' found
configure:14464: checking for CoreText availability
configure:14479: gcc -o conftest -g -O2 -Wall   conftest.c  -framework ApplicationServices >&5
gcc: error: ApplicationServices: No such file or directory
gcc: error: unrecognized command line option '-framework'
configure:14479: $? = 1
configure: failed program was:
| /* confdefs.h */
| #define PACKAGE_NAME "pango"
| #define PACKAGE_TARNAME "pango"
| #define PACKAGE_VERSION "1.42.4"
| #define PACKAGE_STRING "pango 1.42.4"
| #define PACKAGE_BUGREPORT "http://bugzilla.gnome.org/enter_bug.cgi?product=pango"
| #define PACKAGE_URL ""
| #define PACKAGE "pango"
| #define VERSION "1.42.4"
| #define PANGO_BINARY_AGE 4204
| #define PANGO_INTERFACE_AGE 4
| #define PANGO_VERSION_MAJOR 1
| #define PANGO_VERSION_MINOR 42
| #define PANGO_VERSION_MICRO 4
| #define HAVE_SYSCONF 1
| #define HAVE_GETPAGESIZE 1
| #define STDC_HEADERS 1
| #define HAVE_SYS_TYPES_H 1
| #define HAVE_SYS_STAT_H 1
| #define HAVE_STDLIB_H 1
| #define HAVE_STRING_H 1
| #define HAVE_MEMORY_H 1
| #define HAVE_STRINGS_H 1
| #define HAVE_INTTYPES_H 1
| #define HAVE_STDINT_H 1
| #define HAVE_UNISTD_H 1
| #define HAVE_UNISTD_H 1
| #define HAVE_SYS_MMAN_H 1
| #define HAVE_DLFCN_H 1
| #define LT_OBJDIR ".libs/"
| #define HAVE_FCWEIGHTFROMOPENTYPEDOUBLE 1
| #define HAVE_FREETYPE 1
| /* end confdefs.h.  */
| #include <Carbon/Carbon.h>
| int
| main ()
| {
| CTGetCoreTextVersion ();
|   ;
|   return 0;
| }
configure:14494: result: no
configure:14531: checking for CAIRO
configure:14538: $PKG_CONFIG --exists --print-errors "cairo >= $cairo_required"
configure:14541: $? = 0
configure:14555: $PKG_CONFIG --exists --print-errors "cairo >= $cairo_required"
configure:14558: $? = 0
configure:14596: result: yes
configure:14614: $PKG_CONFIG --exists --print-errors "cairo-ft >= $cairo_required"
configure:14617: $? = 0
configure:14654: $PKG_CONFIG --exists --print-errors "cairo-quartz-font >= $cairo_required"
Package cairo-quartz-font was not found in the pkg-config search path.
Perhaps you should add the directory containing `cairo-quartz-font.pc'
to the PKG_CONFIG_PATH environment variable
No package 'cairo-quartz-font' found
configure:14657: $? = 1
configure:14672: checking which cairo font backends could be used
configure:14675: result: freetype 
configure:14693: $PKG_CONFIG --exists --print-errors "cairo-png >= $cairo_required"
configure:14696: $? = 0
configure:14709: $PKG_CONFIG --exists --print-errors "cairo-ps >= $cairo_required"
configure:14712: $? = 0
configure:14725: $PKG_CONFIG --exists --print-errors "cairo-pdf >= $cairo_required"
configure:14728: $? = 0
configure:14741: $PKG_CONFIG --exists --print-errors "cairo-xlib >= $cairo_required"
configure:14744: $? = 0
configure:14871: checking for GLIB
configure:14878: $PKG_CONFIG --exists --print-errors "$GLIB_MODULES"
configure:14881: $? = 0
configure:14895: $PKG_CONFIG --exists --print-errors "$GLIB_MODULES"
configure:14898: $? = 0
configure:14940: result: yes
configure:14953: checking for FRIBIDI
configure:14960: $PKG_CONFIG --exists --print-errors "fribidi >= $FRIBIDI_REQUIRED_VERSION"
configure:14963: $? = 0
configure:14977: $PKG_CONFIG --exists --print-errors "fribidi >= $FRIBIDI_REQUIRED_VERSION"
configure:14980: $? = 0
configure:15038: result: yes
configure:15050: checking for LIBTHAI
configure:15057: $PKG_CONFIG --exists --print-errors "libthai >= $LIBTHAI_REQUIRED_VERSION"
Package libthai was not found in the pkg-config search path.
Perhaps you should add the directory containing `libthai.pc'
to the PKG_CONFIG_PATH environment variable
No package 'libthai' found
configure:15060: $? = 1
configure:15074: $PKG_CONFIG --exists --print-errors "libthai >= $LIBTHAI_REQUIRED_VERSION"
Package libthai was not found in the pkg-config search path.
Perhaps you should add the directory containing `libthai.pc'
to the PKG_CONFIG_PATH environment variable
No package 'libthai' found
configure:15077: $? = 1
configure:15091: result: no
No package 'libthai' found
configure:15154: checking for gobject-introspection
configure:15185: $PKG_CONFIG --exists --print-errors "gobject-introspection-1.0 >= 0.9.5"
Package gobject-introspection-1.0 was not found in the pkg-config search path.
Perhaps you should add the directory containing `gobject-introspection-1.0.pc'
to the PKG_CONFIG_PATH environment variable
No package 'gobject-introspection-1.0' found
configure:15188: $? = 1
configure:15200: result: no
configure:15246: checking for flockfile
configure:15246: gcc -o conftest -g -O2 -Wall   conftest.c  >&5
configure:15246: $? = 0
configure:15246: result: yes
configure:15246: checking for strtok_r
configure:15246: gcc -o conftest -g -O2 -Wall   conftest.c  >&5
configure:15246: $? = 0
configure:15246: result: yes
configure:15269: checking for gtk-doc
configure:15272: $PKG_CONFIG --exists --print-errors "$gtk_doc_requires"
Package gtk-doc was not found in the pkg-config search path.
Perhaps you should add the directory containing `gtk-doc.pc'
to the PKG_CONFIG_PATH environment variable
No package 'gtk-doc' found
configure:15275: $? = 1
configure:15281: result: no
configure:15287: WARNING:
  You will not be able to create source packages with 'make dist'
  because gtk-doc >= 1.15 is not found.
configure:15295: checking for gtkdoc-check
configure:15325: result: no
configure:15332: checking for gtkdoc-check
configure:15365: result: no
configure:15374: checking for gtkdoc-rebase
configure:15407: result: no
configure:15418: checking for gtkdoc-mkpdf
configure:15451: result: no
configure:15476: checking whether to build gtk-doc documentation
configure:15478: result: no
configure:15491: checking for GTKDOC_DEPS
configure:15498: $PKG_CONFIG --exists --print-errors "glib-2.0 >= 2.10.0 gobject-2.0  >= 2.10.0"
configure:15501: $? = 0
configure:15515: $PKG_CONFIG --exists --print-errors "glib-2.0 >= 2.10.0 gobject-2.0  >= 2.10.0"
configure:15518: $? = 0
configure:15556: result: yes
configure:15679: checking for -Bsymbolic-functions linker flag
configure:15693: gcc -o conftest -g -O2 -Wall  -Wl,-Bsymbolic-functions conftest.c  >&5
conftest.c: In function 'main':
conftest.c:46:5: warning: 'main' is normally a non-static function [-Wmain]
   46 | int main (void) { return 0; }
      |     ^~~~
At top level:
conftest.c:46:5: warning: 'main' defined but not used [-Wunused-function]
configure:15693: $? = 0
configure:15694: result: yes
configure:15742: checking for -fvisibility=hidden compiler flag
configure:15755: gcc -c -fvisibility=hidden  conftest.c >&5
configure:15755: $? = 0
configure:15756: result: yes
configure:15783: checking for dirent.h that defines DIR
configure:15802: gcc -c -g -O2 -Wall  conftest.c >&5
configure:15802: $? = 0
configure:15810: result: yes
configure:15823: checking for library containing opendir
configure:15854: gcc -o conftest -g -O2 -Wall   conftest.c  >&5
configure:15854: $? = 0
configure:15871: result: none required
configure:15940: checking for unistd.h
configure:15940: result: yes
configure:16078: checking that generated files are newer than configure
configure:16084: result: done
configure:16227: creating ./config.status

## ---------------------- ##
## Running config.status. ##
## ---------------------- ##

This file was extended by pango config.status 1.42.4, which was
generated by GNU Autoconf 2.69.  Invocation command line was

  CONFIG_FILES    = 
  CONFIG_HEADERS  = 
  CONFIG_LINKS    = 
  CONFIG_COMMANDS = 
  $ ./config.status 

on kubuntu

config.status:1319: creating Makefile
config.status:1319: creating pango/Makefile
config.status:1319: creating pango/pango.rc
config.status:1319: creating pango/pangoft2.rc
config.status:1319: creating pango/pangowin32.rc
config.status:1319: creating pango/pangocairo.rc
config.status:1319: creating pango/pangoxft.rc
config.status:1319: creating utils/Makefile
config.status:1319: creating examples/Makefile
config.status:1319: creating docs/Makefile
config.status:1319: creating docs/version.xml
config.status:1319: creating tools/Makefile
config.status:1319: creating tests/Makefile
config.status:1319: creating win32/Makefile
config.status:1319: creating win32/vs9/Makefile
config.status:1319: creating win32/vs9/pango-version-paths.vsprops
config.status:1319: creating win32/vs10/Makefile
config.status:1319: creating win32/vs10/pango-version-paths.props
config.status:1319: creating win32/vs11/Makefile
config.status:1319: creating win32/vs12/Makefile
config.status:1319: creating win32/vs14/Makefile
config.status:1319: creating win32/vs15/Makefile
config.status:1319: creating pango.pc
config.status:1319: creating pangowin32.pc
config.status:1319: creating pangoft2.pc
config.status:1319: creating pangoxft.pc
config.status:1319: creating pangocairo.pc
config.status:1319: creating config.h.win32
config.status:1319: creating config.h
config.status:1548: executing depfiles commands
config.status:1548: executing libtool commands
config.status:1548: executing pango/pango-features.h commands
config.status:2363: creating pango/pango-features.h
config.status:2383: pango/pango-features.h is unchanged

## ---------------- ##
## Cache variables. ##
## ---------------- ##

ac_cv_build=x86_64-pc-linux-gnu
ac_cv_c_compiler_gnu=yes
ac_cv_cxx_compiler_gnu=yes
ac_cv_env_CAIRO_CFLAGS_set=
ac_cv_env_CAIRO_CFLAGS_value=
ac_cv_env_CAIRO_LIBS_set=
ac_cv_env_CAIRO_LIBS_value=
ac_cv_env_CCC_set=
ac_cv_env_CCC_value=
ac_cv_env_CC_set=
ac_cv_env_CC_value=
ac_cv_env_CFLAGS_set=
ac_cv_env_CFLAGS_value=
ac_cv_env_CPPFLAGS_set=
ac_cv_env_CPPFLAGS_value=
ac_cv_env_CPP_set=
ac_cv_env_CPP_value=
ac_cv_env_CXXCPP_set=
ac_cv_env_CXXCPP_value=
ac_cv_env_CXXFLAGS_set=
ac_cv_env_CXXFLAGS_value=
ac_cv_env_CXX_set=
ac_cv_env_CXX_value=
ac_cv_env_FONTCONFIG_CFLAGS_set=
ac_cv_env_FONTCONFIG_CFLAGS_value=
ac_cv_env_FONTCONFIG_LIBS_set=
ac_cv_env_FONTCONFIG_LIBS_value=
ac_cv_env_FREETYPE_CFLAGS_set=
ac_cv_env_FREETYPE_CFLAGS_value=
ac_cv_env_FREETYPE_LIBS_set=
ac_cv_env_FREETYPE_LIBS_value=
ac_cv_env_FRIBIDI_CFLAGS_set=
ac_cv_env_FRIBIDI_CFLAGS_value=
ac_cv_env_FRIBIDI_LIBS_set=
ac_cv_env_FRIBIDI_LIBS_value=
ac_cv_env_GLIB_CFLAGS_set=
ac_cv_env_GLIB_CFLAGS_value=
ac_cv_env_GLIB_LIBS_set=
ac_cv_env_GLIB_LIBS_value=
ac_cv_env_GTKDOC_DEPS_CFLAGS_set=
ac_cv_env_GTKDOC_DEPS_CFLAGS_value=
ac_cv_env_GTKDOC_DEPS_LIBS_set=
ac_cv_env_GTKDOC_DEPS_LIBS_value=
ac_cv_env_HARFBUZZ_CFLAGS_set=
ac_cv_env_HARFBUZZ_CFLAGS_value=
ac_cv_env_HARFBUZZ_LIBS_set=
ac_cv_env_HARFBUZZ_LIBS_value=
ac_cv_env_LDFLAGS_set=
ac_cv_env_LDFLAGS_value=
ac_cv_env_LIBS_set=
ac_cv_env_LIBS_value=
ac_cv_env_LIBTHAI_CFLAGS_set=
ac_cv_env_LIBTHAI_CFLAGS_value=
ac_cv_env_LIBTHAI_LIBS_set=
ac_cv_env_LIBTHAI_LIBS_value=
ac_cv_env_LT_SYS_LIBRARY_PATH_set=
ac_cv_env_LT_SYS_LIBRARY_PATH_value=
ac_cv_env_PKG_CONFIG_LIBDIR_set=
ac_cv_env_PKG_CONFIG_LIBDIR_value=
ac_cv_env_PKG_CONFIG_PATH_set=
ac_cv_env_PKG_CONFIG_PATH_value=
ac_cv_env_PKG_CONFIG_set=
ac_cv_env_PKG_CONFIG_value=
ac_cv_env_XFT_CFLAGS_set=
ac_cv_env_XFT_CFLAGS_value=
ac_cv_env_XFT_LIBS_set=
ac_cv_env_XFT_LIBS_value=
ac_cv_env_build_alias_set=
ac_cv_env_build_alias_value=
ac_cv_env_host_alias_set=
ac_cv_env_host_alias_value=
ac_cv_env_target_alias_set=
ac_cv_env_target_alias_value=
ac_cv_func_FcWeightFromOpenTypeDouble=yes
ac_cv_func_flockfile=yes
ac_cv_func_getpagesize=yes
ac_cv_func_strtok_r=yes
ac_cv_func_sysconf=yes
ac_cv_header_dirent_dirent_h=yes
ac_cv_header_dlfcn_h=yes
ac_cv_header_inttypes_h=yes
ac_cv_header_memory_h=yes
ac_cv_header_stdc=yes
ac_cv_header_stdint_h=yes
ac_cv_header_stdlib_h=yes
ac_cv_header_string_h=yes
ac_cv_header_strings_h=yes
ac_cv_header_sys_mman_h=yes
ac_cv_header_sys_stat_h=yes
ac_cv_header_sys_types_h=yes
ac_cv_header_unistd_h=yes
ac_cv_host=x86_64-pc-linux-gnu
ac_cv_objext=o
ac_cv_path_EGREP='/usr/bin/grep -E'
ac_cv_path_FGREP='/usr/bin/grep -F'
ac_cv_path_GREP=/usr/bin/grep
ac_cv_path_SED=/usr/bin/sed
ac_cv_path_ac_pt_PKG_CONFIG=/usr/bin/pkg-config
ac_cv_path_install='/usr/bin/install -c'
ac_cv_path_lt_DD=/usr/bin/dd
ac_cv_path_mkdir=/usr/bin/mkdir
ac_cv_prog_AWK=gawk
ac_cv_prog_CPP='gcc -E'
ac_cv_prog_CXXCPP='c++ -E'
ac_cv_prog_ac_ct_AR=ar
ac_cv_prog_ac_ct_CC=gcc
ac_cv_prog_ac_ct_CXX=c++
ac_cv_prog_ac_ct_DLLTOOL=dlltool
ac_cv_prog_ac_ct_MANIFEST_TOOL=mt
ac_cv_prog_ac_ct_OBJDUMP=objdump
ac_cv_prog_ac_ct_RANLIB=ranlib
ac_cv_prog_ac_ct_STRIP=strip
ac_cv_prog_cc_c89=
ac_cv_prog_cc_g=yes
ac_cv_prog_cxx_g=yes
ac_cv_prog_make_make_set=yes
ac_cv_search_opendir='none required'
am_cv_CC_dependencies_compiler_type=gcc3
am_cv_CXX_dependencies_compiler_type=gcc3
am_cv_make_support_nested_variables=yes
am_cv_prog_cc_c_o=yes
lt_cv_ar_at_file=@
lt_cv_archive_cmds_need_lc=no
lt_cv_deplibs_check_method=pass_all
lt_cv_file_magic_cmd='$MAGIC_CMD'
lt_cv_file_magic_test_file=
lt_cv_ld_reload_flag=-r
lt_cv_nm_interface='BSD nm'
lt_cv_objdir=.libs
lt_cv_path_LD=/usr/bin/ld
lt_cv_path_LDCXX='/usr/bin/ld -m elf_x86_64'
lt_cv_path_NM='/usr/bin/nm -B'
lt_cv_path_mainfest_tool=no
lt_cv_prog_compiler_c_o=yes
lt_cv_prog_compiler_c_o_CXX=yes
lt_cv_prog_compiler_pic='-fPIC -DPIC'
lt_cv_prog_compiler_pic_CXX='-fPIC -DPIC'
lt_cv_prog_compiler_pic_works=yes
lt_cv_prog_compiler_pic_works_CXX=yes
lt_cv_prog_compiler_rtti_exceptions=no
lt_cv_prog_compiler_static_works=yes
lt_cv_prog_compiler_static_works_CXX=yes
lt_cv_prog_gnu_ld=yes
lt_cv_prog_gnu_ldcxx=yes
lt_cv_sharedlib_from_linklib_cmd='printf %s\n'
lt_cv_shlibpath_overrides_runpath=yes
lt_cv_sys_global_symbol_pipe='sed -n -e '\''s/^.*[	 ]\([ABCDGIRSTW][ABCDGIRSTW]*\)[	 ][	 ]*\([_A-Za-z][_A-Za-z0-9]*\)$/\1 \2 \2/p'\'' | sed '\''/ __gnu_lto/d'\'''
lt_cv_sys_global_symbol_to_c_name_address='sed -n -e '\''s/^: \(.*\) .*$/  {"\1", (void *) 0},/p'\'' -e '\''s/^[ABCDGIRSTW][ABCDGIRSTW]* .* \(.*\)$/  {"\1", (void *) \&\1},/p'\'''
lt_cv_sys_global_symbol_to_c_name_address_lib_prefix='sed -n -e '\''s/^: \(.*\) .*$/  {"\1", (void *) 0},/p'\'' -e '\''s/^[ABCDGIRSTW][ABCDGIRSTW]* .* \(lib.*\)$/  {"\1", (void *) \&\1},/p'\'' -e '\''s/^[ABCDGIRSTW][ABCDGIRSTW]* .* \(.*\)$/  {"lib\1", (void *) \&\1},/p'\'''
lt_cv_sys_global_symbol_to_cdecl='sed -n -e '\''s/^T .* \(.*\)$/extern int \1();/p'\'' -e '\''s/^[ABCDGIRSTW][ABCDGIRSTW]* .* \(.*\)$/extern char \1;/p'\'''
lt_cv_sys_global_symbol_to_import=
lt_cv_sys_max_cmd_len=1572864
lt_cv_to_host_file_cmd=func_convert_file_noop
lt_cv_to_tool_file_cmd=func_convert_file_noop
lt_cv_truncate_bin='/usr/bin/dd bs=4096 count=1'
pkg_cv_CAIRO_CFLAGS='-I/usr/include/cairo -I/usr/include/glib-2.0 -I/usr/lib/x86_64-linux-gnu/glib-2.0/include -I/usr/include/pixman-1 -I/usr/include/uuid -I/usr/include/freetype2 -I/usr/include/libpng16'
pkg_cv_CAIRO_LIBS=-lcairo
pkg_cv_FONTCONFIG_CFLAGS='-I/usr/include/uuid -I/usr/include/freetype2 -I/usr/include/libpng16'
pkg_cv_FONTCONFIG_LIBS='-lfontconfig -lfreetype'
pkg_cv_FREETYPE_CFLAGS='-I/usr/include/freetype2 -I/usr/include/libpng16'
pkg_cv_FREETYPE_LIBS=-lfreetype
pkg_cv_FRIBIDI_CFLAGS=-I/usr/include/fribidi
pkg_cv_FRIBIDI_LIBS=-lfribidi
pkg_cv_GLIB_CFLAGS='-pthread -I/usr/include/glib-2.0 -I/usr/lib/x86_64-linux-gnu/glib-2.0/include'
pkg_cv_GLIB_LIBS='-lgobject-2.0 -lgthread-2.0 -pthread -lglib-2.0'
pkg_cv_GTKDOC_DEPS_CFLAGS='-I/usr/include/glib-2.0 -I/usr/lib/x86_64-linux-gnu/glib-2.0/include'
pkg_cv_GTKDOC_DEPS_LIBS='-lgobject-2.0 -lglib-2.0'
pkg_cv_HARFBUZZ_CFLAGS='-I/usr/include/harfbuzz -I/usr/include/glib-2.0 -I/usr/lib/x86_64-linux-gnu/glib-2.0/include'
pkg_cv_HARFBUZZ_LIBS=-lharfbuzz

## ----------------- ##
## Output variables. ##
## ----------------- ##

ACLOCAL='${SHELL} /home/chudokitty/Downloads/ScratchJr-Desktop/pango-1.42.4/missing aclocal-1.15 '
AMDEPBACKSLASH='\'
AMDEP_FALSE='#'
AMDEP_TRUE=''
AMTAR='$${TAR-tar}'
AM_BACKSLASH='\'
AM_DEFAULT_V='$(AM_DEFAULT_VERBOSITY)'
AM_DEFAULT_VERBOSITY='0'
AM_V='$(V)'
AR='ar'
AS='as'
AUTOCONF='${SHELL} /home/chudokitty/Downloads/ScratchJr-Desktop/pango-1.42.4/missing autoconf'
AUTOHEADER='${SHELL} /home/chudokitty/Downloads/ScratchJr-Desktop/pango-1.42.4/missing autoheader'
AUTOMAKE='${SHELL} /home/chudokitty/Downloads/ScratchJr-Desktop/pango-1.42.4/missing automake-1.15'
AWK='gawk'
BUILDOPT_INSTALL_TESTS_FALSE=''
BUILDOPT_INSTALL_TESTS_TRUE='#'
CAIRO_CFLAGS='-I/usr/include/cairo -I/usr/include/glib-2.0 -I/usr/lib/x86_64-linux-gnu/glib-2.0/include -I/usr/include/pixman-1 -I/usr/include/uuid -I/usr/include/freetype2 -I/usr/include/libpng16'
CAIRO_LIB=''
CAIRO_LIBS='-lcairo'
CAIRO_PC='cairo'
CAIRO_PREFIX='/usr'
CC='gcc'
CCDEPMODE='depmode=gcc3'
CFLAGS='-g -O2 -Wall'
CPP='gcc -E'
CPPFLAGS=''
CROSS_COMPILING_FALSE=''
CROSS_COMPILING_TRUE='#'
CXX='c++'
CXXCPP='c++ -E'
CXXDEPMODE='depmode=gcc3'
CXXFLAGS='-g -O2'
CYGPATH_W='echo'
DEFS='-DHAVE_CONFIG_H'
DEPDIR='.deps'
DLLTOOL='dlltool'
DSYMUTIL=''
DUMPBIN=''
ECHO_C=''
ECHO_N='-n'
ECHO_T=''
EGREP='/usr/bin/grep -E'
ENABLE_DOC_CROSS_REFERENCES_FALSE='#'
ENABLE_DOC_CROSS_REFERENCES_TRUE=''
ENABLE_GTK_DOC_FALSE=''
ENABLE_GTK_DOC_TRUE='#'
EXEEXT=''
FGREP='/usr/bin/grep -F'
FONTCONFIG_CFLAGS='-I/usr/include/uuid -I/usr/include/freetype2 -I/usr/include/libpng16'
FONTCONFIG_LIB=''
FONTCONFIG_LIBS='-lfontconfig -lfreetype'
FONTCONFIG_PC='fontconfig'
FREETYPE2_LIB=''
FREETYPE2_PC='freetype2'
FREETYPE_CFLAGS='-I/usr/include/freetype2 -I/usr/include/libpng16'
FREETYPE_LIBS='-lfreetype'
FRIBIDI_CFLAGS='-I/usr/include/fribidi'
FRIBIDI_LIBS='-lfribidi'
GLIB_CFLAGS='-pthread -I/usr/include/glib-2.0 -I/usr/lib/x86_64-linux-gnu/glib-2.0/include'
GLIB_LIBS='-lgobject-2.0 -lgthread-2.0 -pthread -lglib-2.0'
GLIB_MKENUMS='/usr/bin/glib-mkenums'
GLIB_PREFIX='/usr'
GREP='/usr/bin/grep'
GTKDOC_CHECK=''
GTKDOC_CHECK_PATH=''
GTKDOC_DEPS_CFLAGS='-I/usr/include/glib-2.0 -I/usr/lib/x86_64-linux-gnu/glib-2.0/include'
GTKDOC_DEPS_LIBS='-lgobject-2.0 -lglib-2.0'
GTKDOC_MKPDF=''
GTKDOC_REBASE='true'
GTK_DOC_BUILD_HTML_FALSE='#'
GTK_DOC_BUILD_HTML_TRUE=''
GTK_DOC_BUILD_PDF_FALSE=''
GTK_DOC_BUILD_PDF_TRUE='#'
GTK_DOC_USE_LIBTOOL_FALSE='#'
GTK_DOC_USE_LIBTOOL_TRUE=''
GTK_DOC_USE_REBASE_FALSE='#'
GTK_DOC_USE_REBASE_TRUE=''
HARFBUZZ_CFLAGS='-I/usr/include/harfbuzz -I/usr/include/glib-2.0 -I/usr/lib/x86_64-linux-gnu/glib-2.0/include'
HARFBUZZ_LIB=''
HARFBUZZ_LIBS='-lharfbuzz'
HARFBUZZ_PC='harfbuzz'
HAVE_CAIRO_FALSE='#'
HAVE_CAIRO_FREETYPE_FALSE='#'
HAVE_CAIRO_FREETYPE_TRUE=''
HAVE_CAIRO_PDF_FALSE='#'
HAVE_CAIRO_PDF_TRUE=''
HAVE_CAIRO_PNG_FALSE='#'
HAVE_CAIRO_PNG_TRUE=''
HAVE_CAIRO_PS_FALSE='#'
HAVE_CAIRO_PS_TRUE=''
HAVE_CAIRO_QUARTZ_FALSE=''
HAVE_CAIRO_QUARTZ_TRUE='#'
HAVE_CAIRO_TRUE=''
HAVE_CAIRO_WIN32_FALSE=''
HAVE_CAIRO_WIN32_TRUE='#'
HAVE_CAIRO_XLIB_FALSE='#'
HAVE_CAIRO_XLIB_TRUE=''
HAVE_CORE_TEXT_FALSE=''
HAVE_CORE_TEXT_TRUE='#'
HAVE_CXX_FALSE='#'
HAVE_CXX_TRUE=''
HAVE_FREETYPE_FALSE='#'
HAVE_FREETYPE_TRUE=''
HAVE_GTK_DOC_FALSE=''
HAVE_GTK_DOC_TRUE='#'
HAVE_HARFBUZZ_FALSE='#'
HAVE_HARFBUZZ_TRUE=''
HAVE_INTROSPECTION_FALSE=''
HAVE_INTROSPECTION_TRUE='#'
HAVE_WIN32_FALSE=''
HAVE_WIN32_TRUE='#'
HAVE_XFT_FALSE=''
HAVE_XFT_TRUE='#'
HTML_DIR='${datadir}/gtk-doc/html'
INSTALL_DATA='${INSTALL} -m 644'
INSTALL_PROGRAM='${INSTALL}'
INSTALL_SCRIPT='${INSTALL}'
INSTALL_STRIP_PROGRAM='$(install_sh) -c -s'
INTROSPECTION_CFLAGS=''
INTROSPECTION_COMPILER=''
INTROSPECTION_GENERATE=''
INTROSPECTION_GIRDIR=''
INTROSPECTION_LIBS=''
INTROSPECTION_MAKEFILE=''
INTROSPECTION_SCANNER=''
INTROSPECTION_TYPELIBDIR=''
LD='/usr/bin/ld -m elf_x86_64'
LDFLAGS=''
LIBOBJS=''
LIBRARY_LIBTOOL_OPTIONS='-version-info 4200:4:4200 -export-symbols-regex "^pango_.*" -Wl,-Bsymbolic-functions'
LIBS=''
LIBTHAI_CFLAGS=''
LIBTHAI_LIBS=''
LIBTOOL='$(SHELL) $(top_builddir)/libtool'
LIB_EXE_MACHINE_FLAG=''
LIPO=''
LN_S='ln -s'
LTLIBOBJS=''
LT_SYS_LIBRARY_PATH=''
MAKEINFO='${SHELL} /home/chudokitty/Downloads/ScratchJr-Desktop/pango-1.42.4/missing makeinfo'
MANIFEST_TOOL=':'
MKDIR_P='/usr/bin/mkdir -p'
MSVC_BASE_NO_TOOLSET_SET_FALSE='#'
MSVC_BASE_NO_TOOLSET_SET_TRUE=''
MSVC_NO_TOOLSET_SET_FALSE='#'
MSVC_NO_TOOLSET_SET_TRUE=''
MS_LIB_AVAILABLE_FALSE=''
MS_LIB_AVAILABLE_TRUE='#'
NM='/usr/bin/nm -B'
NMEDIT=''
OBJDUMP='objdump'
OBJEXT='o'
OS_WIN32_FALSE=''
OS_WIN32_TRUE='#'
OTOOL64=''
OTOOL=''
PACKAGE='pango'
PACKAGE_BUGREPORT='http://bugzilla.gnome.org/enter_bug.cgi?product=pango'
PACKAGE_NAME='pango'
PACKAGE_STRING='pango 1.42.4'
PACKAGE_TARNAME='pango'
PACKAGE_URL=''
PACKAGE_VERSION='1.42.4'
PANGO_API_VERSION='1.0'
PANGO_BINARY_AGE='4204'
PANGO_CURRENT_MINUS_AGE='0'
PANGO_DEBUG_FLAGS='-DG_DISABLE_CAST_CHECKS'
PANGO_HIDDEN_VISIBILITY_CFLAGS='-fvisibility=hidden'
PANGO_INTERFACE_AGE='4'
PANGO_VERSION='1.42.4'
PANGO_VERSION_MAJOR='1'
PANGO_VERSION_MICRO='4'
PANGO_VERSION_MINOR='42'
PATH_SEPARATOR=':'
PKGCONFIG_CAIRO_REQUIRES=' pangoft2'
PKG_CONFIG='/usr/bin/pkg-config'
PKG_CONFIG_LIBDIR=''
PKG_CONFIG_PATH=''
PLATFORM_WIN32_FALSE=''
PLATFORM_WIN32_TRUE='#'
RANLIB='ranlib'
SED='/usr/bin/sed'
SET_MAKE=''
SHELL='/bin/bash'
STRIP='strip'
VERSION='1.42.4'
WINDRES=''
XFT_CFLAGS=''
XFT_LIBS=''
ac_ct_AR='ar'
ac_ct_CC='gcc'
ac_ct_CXX='c++'
ac_ct_DUMPBIN=''
am__EXEEXT_FALSE=''
am__EXEEXT_TRUE='#'
am__fastdepCC_FALSE='#'
am__fastdepCC_TRUE=''
am__fastdepCXX_FALSE='#'
am__fastdepCXX_TRUE=''
am__include='include'
am__isrc=''
am__leading_dot='.'
am__nodep='_no'
am__quote=''
am__tar='$${TAR-tar} chof - "$$tardir"'
am__untar='$${TAR-tar} xf -'
bindir='${exec_prefix}/bin'
build='x86_64-pc-linux-gnu'
build_alias=''
build_cpu='x86_64'
build_os='linux-gnu'
build_vendor='pc'
datadir='${datarootdir}'
datarootdir='${prefix}/share'
docdir='${datarootdir}/doc/${PACKAGE_TARNAME}'
dvidir='${docdir}'
exec_prefix='${prefix}'
host='x86_64-pc-linux-gnu'
host_alias=''
host_cpu='x86_64'
host_os='linux-gnu'
host_vendor='pc'
htmldir='${docdir}'
includedir='${prefix}/include'
infodir='${datarootdir}/info'
install_sh='${SHELL} /home/chudokitty/Downloads/ScratchJr-Desktop/pango-1.42.4/install-sh'
libdir='${exec_prefix}/lib'
libexecdir='${exec_prefix}/libexec'
localedir='${datarootdir}/locale'
localstatedir='${prefix}/var'
mandir='${datarootdir}/man'
mkdir_p='$(MKDIR_P)'
ms_librarian=''
oldincludedir='/usr/include'
pdfdir='${docdir}'
prefix='/usr'
program_transform_name='s,x,x,'
psdir='${docdir}'
sbindir='${exec_prefix}/sbin'
sharedstatedir='${prefix}/com'
sysconfdir='${prefix}/etc'
target_alias=''

## ----------- ##
## confdefs.h. ##
## ----------- ##

/* confdefs.h */
#define PACKAGE_NAME "pango"
#define PACKAGE_TARNAME "pango"
#define PACKAGE_VERSION "1.42.4"
#define PACKAGE_STRING "pango 1.42.4"
#define PACKAGE_BUGREPORT "http://bugzilla.gnome.org/enter_bug.cgi?product=pango"
#define PACKAGE_URL ""
#define PACKAGE "pango"
#define VERSION "1.42.4"
#define PANGO_BINARY_AGE 4204
#define PANGO_INTERFACE_AGE 4
#define PANGO_VERSION_MAJOR 1
#define PANGO_VERSION_MINOR 42
#define PANGO_VERSION_MICRO 4
#define HAVE_SYSCONF 1
#define HAVE_GETPAGESIZE 1
#define STDC_HEADERS 1
#define HAVE_SYS_TYPES_H 1
#define HAVE_SYS_STAT_H 1
#define HAVE_STDLIB_H 1
#define HAVE_STRING_H 1
#define HAVE_MEMORY_H 1
#define HAVE_STRINGS_H 1
#define HAVE_INTTYPES_H 1
#define HAVE_STDINT_H 1
#define HAVE_UNISTD_H 1
#define HAVE_UNISTD_H 1
#define HAVE_SYS_MMAN_H 1
#define HAVE_DLFCN_H 1
#define LT_OBJDIR ".libs/"
#define HAVE_FCWEIGHTFROMOPENTYPEDOUBLE 1
#define HAVE_FREETYPE 1
#define HAVE_CAIRO_FREETYPE 1
#define HAVE_CAIRO 1
#define HAVE_CAIRO_PNG 1
#define HAVE_CAIRO_PS 1
#define HAVE_CAIRO_PDF 1
#define HAVE_CAIRO_XLIB 1
#define HAVE_FLOCKFILE 1
#define HAVE_STRTOK_R 1
#define _PANGO_EXTERN __attribute__((visibility("default"))) extern
#define HAVE_DIRENT_H 1
#define HAVE_UNISTD_H 1

configure: exit 0
